[debug] [2022-07-09T17:03:45.467Z] ----------------------------------------------------------------------
[debug] [2022-07-09T17:03:45.469Z] Command:       /usr/local/bin/node /usr/local/bin/firebase deploy
[debug] [2022-07-09T17:03:45.470Z] CLI Version:   11.2.0
[debug] [2022-07-09T17:03:45.470Z] Platform:      darwin
[debug] [2022-07-09T17:03:45.471Z] Node Version:  v16.15.1
[debug] [2022-07-09T17:03:45.473Z] Time:          Sat Jul 09 2022 13:03:45 GMT-0400 (Eastern Daylight Time)
[debug] [2022-07-09T17:03:45.474Z] ----------------------------------------------------------------------
[debug] 
[debug] [2022-07-09T17:03:45.567Z] > command requires scopes: ["email","openid","https://www.googleapis.com/auth/cloudplatformprojects.readonly","https://www.googleapis.com/auth/firebase","https://www.googleapis.com/auth/cloud-platform"]
[debug] [2022-07-09T17:03:45.570Z] > authorizing via signed-in user (prd.yogesh@gmail.com)
[debug] [2022-07-09T17:03:45.570Z] [iam] checking project ecommerce-af8b2 for permissions ["firebase.projects.get","firebasehosting.sites.update"]
[debug] [2022-07-09T17:03:45.572Z] > refreshing access token with scopes: []
[debug] [2022-07-09T17:03:45.575Z] >>> [apiv2][query] POST https://www.googleapis.com/oauth2/v3/token [none]
[debug] [2022-07-09T17:03:45.575Z] >>> [apiv2][body] POST https://www.googleapis.com/oauth2/v3/token [omitted]
[debug] [2022-07-09T17:03:45.776Z] [iam] error while checking permissions, command may fail: FirebaseError: Authentication Error: Your credentials are no longer valid. Please run firebase login --reauth

For CI servers and headless environments, generate a new token with firebase login:ci
[debug] [2022-07-09T17:03:45.777Z] > refreshing access token with scopes: []
[debug] [2022-07-09T17:03:45.778Z] >>> [apiv2][query] POST https://www.googleapis.com/oauth2/v3/token [none]
[debug] [2022-07-09T17:03:45.780Z] >>> [apiv2][body] POST https://www.googleapis.com/oauth2/v3/token [omitted]
[debug] [2022-07-09T17:03:45.878Z] Authentication Error: Your credentials are no longer valid. Please run firebase login --reauth

For CI servers and headless environments, generate a new token with firebase login:ci
[debug] [2022-07-09T17:03:46.002Z] FirebaseError: Authentication Error: Your credentials are no longer valid. Please run firebase login --reauth

For CI servers and headless environments, generate a new token with firebase login:ci
    at invalidCredentialError (/usr/local/lib/node_modules/firebase-tools/lib/auth.js:145:12)
    at refreshTokens (/usr/local/lib/node_modules/firebase-tools/lib/auth.js:509:15)
    at processTicksAndRejections (node:internal/process/task_queues:96:5)
    at async Client.getAccessToken (/usr/local/lib/node_modules/firebase-tools/lib/apiv2.js:148:23)
    at async Client.addAuthHeader (/usr/local/lib/node_modules/firebase-tools/lib/apiv2.js:139:21)
    at async Client.request (/usr/local/lib/node_modules/firebase-tools/lib/apiv2.js:95:34)
    at async getFirebaseProject (/usr/local/lib/node_modules/firebase-tools/lib/management/projects.js:296:21)
    at async getDefaultHostingSite (/usr/local/lib/node_modules/firebase-tools/lib/getDefaultHostingSite.js:8:21)
    at async requireHostingSite (/usr/local/lib/node_modules/firebase-tools/lib/requireHostingSite.js:9:18)
    at async Object.fn (/usr/local/lib/node_modules/firebase-tools/lib/commands/deploy.js:74:9)
    at async /usr/local/lib/node_modules/firebase-tools/lib/command.js:188:17
[error] 
[error] Error: Failed to get Firebase project ecommerce-af8b2. Please make sure the project exists and your account has permission to access it.
